源.obj : error LNK2005: _main 已经在 test.obj 中定义
D:\桌面\Project\2.23\Debug\2.23.exe : fatal error LNK1169: 找到一个或多个多重定义的符号
